2017-10-22 21:19:02,768   - Unable to find pom.properties in /home/pooja/SOC/SOCProject3/project3/target/scala-2.12/classes
2017-10-22 21:19:02,768   - As folder project tried to fall back to pom.xml, but could not find one
2017-10-22 21:19:02,768   - Unable to load pom.properties from/home/pooja/SOC/SOCProject3/project3/target/scala-2.12/classes
2017-10-22 21:19:02,768   - Cannot find maven pom properties for this project. Using the container's default ReleaseId
2017-10-22 21:19:05,139   - Enabled Filters (see <https://www.playframework.com/documentation/latest/Filters>):

    play.filters.csrf.CSRFFilter
    play.filters.headers.SecurityHeadersFilter
    play.filters.hosts.AllowedHostsFilter

2017-10-22 21:19:05,264   - Application started (Dev)
2017-10-22 21:19:05,976 A receive - got query
2017-10-22 21:19:05,978 A receive - got query
2017-10-22 21:19:05,979 A receive - got query
2017-10-22 21:19:05,981 A receive - got query
2017-10-22 21:19:05,982 A receive - got query
2017-10-22 21:19:05,983 A receive - got query
2017-10-22 21:19:05,983 A receive - got query
2017-10-22 21:19:05,984 A receive - got query
2017-10-22 21:19:05,985 A receive - got query
2017-10-22 21:19:05,986 A receive - got query
2017-10-22 21:19:05,989 A receive - got query
2017-10-22 21:19:05,990 A receive - got query
2017-10-22 21:19:05,991 A receive - got query
2017-10-22 21:19:05,993 A receive - got query
2017-10-22 21:19:05,994 A receive - got query
2017-10-22 21:19:05,995 A receive - got query
2017-10-22 21:19:05,996 A receive - got query
2017-10-22 21:19:05,996 A receive - got query
2017-10-22 21:19:05,997 A receive - got query
2017-10-22 21:19:05,998 A receive - got query
2017-10-22 21:19:05,999 A receive - got query
2017-10-22 21:19:06,000 A receive - got query
2017-10-22 21:19:06,001 A receive - got query
2017-10-22 21:19:06,002 A receive - got query
2017-10-22 21:19:06,002 A receive - got query
2017-10-22 21:19:06,003 A receive - got query
2017-10-22 21:19:06,004 A receive - got query
2017-10-22 21:19:06,005 default receive - got query
2017-10-22 21:19:06,005 A receive - got query
2017-10-22 21:19:06,009 default receive - got query
2017-10-22 21:19:06,012 A receive - got query
2017-10-22 21:19:06,013 default receive - got query
2017-10-22 21:19:06,014 A receive - got query
2017-10-22 21:19:06,015 default receive - got query
2017-10-22 21:19:06,016 A receive - got query
2017-10-22 21:19:06,018 default receive - got query
2017-10-22 21:19:06,019 A receive - got query
2017-10-22 21:19:06,019 default receive - got query
2017-10-22 21:19:06,020 A receive - got query
2017-10-22 21:19:06,021 default receive - got query
2017-10-22 21:19:06,022 A receive - got query
2017-10-22 21:19:06,023 default receive - got query
2017-10-22 21:19:06,023 A receive - got query
2017-10-22 21:19:06,024 default receive - got query
2017-10-22 21:19:06,024 A receive - got query
2017-10-22 21:19:06,025 default receive - got query
2017-10-22 21:19:06,026 A receive - got query
2017-10-22 21:19:06,026 default receive - got query
2017-10-22 21:19:06,027 A receive - got query
2017-10-22 21:19:06,027 default receive - got query
2017-10-22 21:19:06,028 A receive - got query
2017-10-22 21:19:06,029 default receive - got query
2017-10-22 21:19:06,030 A receive - got query
2017-10-22 21:19:06,031 default receive - got query
2017-10-22 21:19:06,031 A receive - got query
2017-10-22 21:19:06,032 default receive - got query
2017-10-22 21:19:06,033 A receive - got query
2017-10-22 21:19:06,033 default receive - got query
2017-10-22 21:19:06,034 A receive - got query
2017-10-22 21:19:06,035 default receive - got query
2017-10-22 21:19:06,041 A receive - got query
2017-10-22 21:19:06,043 default receive - got query
2017-10-22 21:19:06,044 A receive - got query
2017-10-22 21:19:06,047 default receive - got query
2017-10-22 21:19:06,048 A receive - got query
2017-10-22 21:19:06,049 default receive - got query
2017-10-22 21:19:06,049 A receive - got query
2017-10-22 21:19:06,050 default receive - got query
2017-10-22 21:19:06,050 A receive - got query
2017-10-22 21:19:06,051 default receive - got query
2017-10-22 21:19:06,052 A receive - got query
2017-10-22 21:19:06,052 default receive - got query
2017-10-22 21:19:06,053 A receive - got query
2017-10-22 21:19:06,053 default receive - got query
2017-10-22 21:19:06,054 A receive - got query
2017-10-22 21:19:06,055 default receive - got query
2017-10-22 21:19:06,056 A receive - got query
2017-10-22 21:19:06,057 default receive - got query
2017-10-22 21:19:06,057 A receive - got query
2017-10-22 21:19:06,058 default receive - got query
2017-10-22 21:19:06,059 A receive - got query
2017-10-22 21:19:06,060 default receive - got query
2017-10-22 21:19:06,061 A receive - got query
2017-10-22 21:19:06,062 default receive - got query
2017-10-22 21:19:06,062 A receive - got query
2017-10-22 21:19:06,063 default receive - got query
2017-10-22 21:19:06,064 A receive - got query
2017-10-22 21:19:06,070 default receive - got query
2017-10-22 21:19:06,071 A receive - got query
2017-10-22 21:19:06,080 default receive - got query
2017-10-22 21:19:06,082 A receive - got query
2017-10-22 21:19:06,083 A receive - got query
2017-10-22 21:19:06,088 A receive - got query
2017-10-22 21:19:06,089 A receive - got query
2017-10-22 21:19:06,089 A receive - got query
2017-10-22 21:19:06,090 default receive - got query
2017-10-22 21:19:06,091 A receive - got query
2017-10-22 21:19:06,091 A receive - got query
2017-10-22 21:19:06,091 A receive - got query
2017-10-22 21:19:06,092 A receive - got query
2017-10-22 21:19:06,092 A receive - got query
2017-10-22 21:19:06,093 A receive - got query
2017-10-22 21:19:06,093 A receive - got query
2017-10-22 21:19:06,094 A receive - got query
2017-10-22 21:19:06,094 A receive - got query
2017-10-22 21:19:06,097 A receive - got query
2017-10-22 21:19:06,098 A receive - got query
2017-10-22 21:19:06,099 A receive - got query
2017-10-22 21:19:06,099 A receive - got query
2017-10-22 21:19:06,099 A receive - got query
2017-10-22 21:19:06,100 A receive - got query
2017-10-22 21:19:06,100 A receive - got query
2017-10-22 21:19:06,101 A receive - got query
2017-10-22 21:19:06,102 A receive - got query
2017-10-22 21:19:06,102 A receive - got query
2017-10-22 21:19:06,102 A receive - got query
2017-10-22 21:19:06,103 A receive - got query
2017-10-22 21:19:06,104 default receive - got query
2017-10-22 21:19:06,104 default receive - got query
2017-10-22 21:19:06,106 A receive - got query
2017-10-22 21:19:06,107 A receive - got query
2017-10-22 21:19:06,110 A receive - got query
2017-10-22 21:19:06,114 default receive - got query
2017-10-22 21:19:06,117 A receive - got query
2017-10-22 21:19:06,118 default receive - got query
2017-10-22 21:19:06,118 A receive - got query
2017-10-22 21:19:06,119 default receive - got query
2017-10-22 21:19:06,120 A receive - got query
2017-10-22 21:19:06,122 default receive - got query
2017-10-22 21:19:06,122 A receive - got query
2017-10-22 21:19:06,123 default receive - got query
2017-10-22 21:19:06,124 A receive - got query
2017-10-22 21:19:06,125 default receive - got query
2017-10-22 21:19:06,126 A receive - got query
2017-10-22 21:19:06,126 default receive - got query
2017-10-22 21:19:06,127 A receive - got query
2017-10-22 21:19:06,128 default receive - got query
2017-10-22 21:19:06,129 A receive - got query
2017-10-22 21:19:06,130 default receive - got query
2017-10-22 21:19:06,131 A receive - got query
2017-10-22 21:19:06,131 default receive - got query
2017-10-22 21:19:06,132 A receive - got query
2017-10-22 21:19:06,133 default receive - got query
2017-10-22 21:19:06,134 A receive - got query
2017-10-22 21:19:06,134 default receive - got query
2017-10-22 21:19:06,135 A receive - got query
2017-10-22 21:19:06,136 default receive - got query
2017-10-22 21:19:06,137 A receive - got query
2017-10-22 21:19:06,138 default receive - got query
2017-10-22 21:19:06,138 A receive - got query
2017-10-22 21:19:06,151 B receive - got query
2017-10-22 21:19:06,152 B receive - got query
2017-10-22 21:19:06,152 B receive - got query
2017-10-22 21:19:06,153 default receive - got query
2017-10-22 21:19:06,153 A receive - got query
2017-10-22 21:19:06,153 A receive - got query
2017-10-22 21:19:06,154 B receive - got query
2017-10-22 21:19:06,156 B receive - got query
2017-10-22 21:19:06,157 default receive - got query
2017-10-22 21:19:06,158 default receive - got query
2017-10-22 21:19:06,158 default receive - got query
2017-10-22 21:19:06,158 B receive - got query
2017-10-22 21:19:06,159 B receive - got query
2017-10-22 21:19:06,160 B receive - got query
2017-10-22 21:19:06,160 A receive - got query
2017-10-22 21:19:06,160 A receive - got query
2017-10-22 21:19:06,160 B receive - got query
2017-10-22 21:19:06,161 default receive - got query
2017-10-22 21:19:06,161 default receive - got query
2017-10-22 21:19:06,162 B receive - got query
2017-10-22 21:19:06,162 A receive - got query
2017-10-22 21:19:06,162 B receive - got query
2017-10-22 21:19:06,162 A receive - got query
2017-10-22 21:19:06,162 A receive - got query
2017-10-22 21:19:06,163 A receive - got query
2017-10-22 21:19:06,165 B receive - got query
2017-10-22 21:19:06,167 B receive - got query
2017-10-22 21:19:06,167 B receive - got query
2017-10-22 21:19:06,167 B receive - got query
2017-10-22 21:19:06,167 B receive - got query
2017-10-22 21:19:06,168 B receive - got query
2017-10-22 21:19:06,168 B receive - got query
2017-10-22 21:19:06,168 B receive - got query
2017-10-22 21:19:06,168 B receive - got query
2017-10-22 21:19:06,168 B receive - got query
2017-10-22 21:19:06,168 B receive - got query
2017-10-22 21:19:06,169 B receive - got query
2017-10-22 21:19:06,169 B receive - got query
2017-10-22 21:19:06,169 B receive - got query
2017-10-22 21:19:06,169 B receive - got query
2017-10-22 21:19:06,169 B receive - got query
2017-10-22 21:19:06,170 B receive - got query
2017-10-22 21:19:06,170 A receive - got query
2017-10-22 21:19:06,171 B receive - got query
2017-10-22 21:19:06,171 B receive - got query
2017-10-22 21:19:06,171 default receive - got query
2017-10-22 21:19:06,171 default receive - got query
2017-10-22 21:19:06,172 B receive - got query
2017-10-22 21:19:06,172 B receive - got query
2017-10-22 21:19:06,173 B receive - got query
2017-10-22 21:19:06,173 B receive - got query
2017-10-22 21:19:06,174 B receive - got query
2017-10-22 21:19:06,175 B receive - got query
2017-10-22 21:19:06,175 B receive - got query
2017-10-22 21:19:06,175 B receive - got query
2017-10-22 21:19:06,175 B receive - got query
2017-10-22 21:19:06,176 B receive - got query
2017-10-22 21:19:06,176 B receive - got query
2017-10-22 21:19:06,176 B receive - got query
2017-10-22 21:19:06,176 B receive - got query
2017-10-22 21:19:06,177 B receive - got query
2017-10-22 21:19:06,177 B receive - got query
2017-10-22 21:19:06,178 default receive - got query
2017-10-22 21:19:06,178 default receive - got query
2017-10-22 21:19:06,178 B receive - got query
2017-10-22 21:19:06,178 B receive - got query
2017-10-22 21:19:06,179 B receive - got query
2017-10-22 21:19:06,179 B receive - got query
2017-10-22 21:19:06,181 B receive - got query
2017-10-22 21:19:06,182 default receive - got query
2017-10-22 21:19:06,182 default receive - got query
2017-10-22 21:19:06,184 A receive - got query
2017-10-22 21:19:06,184 A receive - got query
2017-10-22 21:19:06,185 B receive - got query
2017-10-22 21:19:06,186 default receive - got query
2017-10-22 21:19:06,186 A receive - got query
2017-10-22 21:19:06,187 default receive - got query
2017-10-22 21:19:06,188 A receive - got query
2017-10-22 21:19:06,188 default receive - got query
2017-10-22 21:19:06,189 A receive - got query
2017-10-22 21:19:06,190 default receive - got query
2017-10-22 21:19:06,191 A receive - got query
2017-10-22 21:19:06,191 default receive - got query
2017-10-22 21:19:06,192 A receive - got query
2017-10-22 21:19:06,193 default receive - got query
2017-10-22 21:19:06,193 A receive - got query
2017-10-22 21:19:06,194 default receive - got query
2017-10-22 21:19:06,195 A receive - got query
2017-10-22 21:19:06,196 default receive - got query
2017-10-22 21:19:06,196 A receive - got query
2017-10-22 21:19:06,197 default receive - got query
2017-10-22 21:19:06,198 A receive - got query
2017-10-22 21:19:06,200 default receive - got query
2017-10-22 21:19:06,201 A receive - got query
2017-10-22 21:19:06,202 default receive - got query
2017-10-22 21:19:06,203 A receive - got query
2017-10-22 21:19:06,203 default receive - got query
2017-10-22 21:19:06,204 A receive - got query
2017-10-22 21:19:06,205 default receive - got query
2017-10-22 21:19:06,205 A receive - got query
2017-10-22 21:19:06,211 default receive - got query
2017-10-22 21:19:06,212 default receive - got query
2017-10-22 21:19:06,213 B receive - got query
2017-10-22 21:19:06,214 A receive - got query
2017-10-22 21:19:06,215 B receive - got query
2017-10-22 21:19:06,217 default receive - got query
2017-10-22 21:19:06,217 default receive - got query
2017-10-22 21:19:06,218 B receive - got query
2017-10-22 21:19:06,219 A receive - got query
2017-10-22 21:19:06,219 A receive - got query
2017-10-22 21:19:06,219 B receive - got query
2017-10-22 21:19:06,220 B receive - got query
2017-10-22 21:19:06,220 B receive - got query
2017-10-22 21:19:06,221 B receive - got query
2017-10-22 21:19:06,222 B receive - got query
2017-10-22 21:19:06,222 default receive - got query
2017-10-22 21:19:06,223 default receive - got query
2017-10-22 21:19:06,224 default receive - got query
2017-10-22 21:19:06,224 default receive - got query
2017-10-22 21:19:06,224 default receive - got query
2017-10-22 21:19:06,224 default receive - got query
2017-10-22 21:19:06,224 default receive - got query
2017-10-22 21:19:06,224 default receive - got query
2017-10-22 21:19:06,225 B receive - got query
2017-10-22 21:19:06,225 B receive - got query
2017-10-22 21:19:06,225 B receive - got query
2017-10-22 21:19:06,225 B receive - got query
2017-10-22 21:19:06,225 A receive - got query
2017-10-22 21:19:06,226 C receive - got query
2017-10-22 21:19:06,226 C receive - got query
2017-10-22 21:19:06,226 C receive - got query
2017-10-22 21:19:06,226 C receive - got query
2017-10-22 21:19:06,227 C receive - got query
2017-10-22 21:19:06,227 default receive - got query
2017-10-22 21:19:06,227 default receive - got query
2017-10-22 21:19:06,228 B receive - got query
2017-10-22 21:19:06,228 B receive - got query
2017-10-22 21:19:06,228 C receive - got query
2017-10-22 21:19:06,229 C receive - got query
2017-10-22 21:19:06,229 C receive - got query
2017-10-22 21:19:06,230 C receive - got query
2017-10-22 21:19:06,230 C receive - got query
2017-10-22 21:19:06,231 C receive - got query
2017-10-22 21:19:06,232 C receive - got query
2017-10-22 21:19:06,232 C receive - got query
2017-10-22 21:19:06,233 C receive - got query
2017-10-22 21:19:06,233 C receive - got query
2017-10-22 21:19:06,234 C receive - got query
2017-10-22 21:19:06,234 C receive - got query
2017-10-22 21:19:06,235 C receive - got query
2017-10-22 21:19:06,235 C receive - got query
2017-10-22 21:19:06,236 default receive - got query
2017-10-22 21:19:06,238 C receive - got query
2017-10-22 21:19:06,239 C receive - got query
2017-10-22 21:19:06,239 C receive - got query
2017-10-22 21:19:06,239 C receive - got query
2017-10-22 21:19:06,239 C receive - got query
2017-10-22 21:19:06,240 C receive - got query
2017-10-22 21:19:06,240 C receive - got query
2017-10-22 21:19:06,240 C receive - got query
2017-10-22 21:19:06,240 C receive - got query
2017-10-22 21:19:06,240 C receive - got query
2017-10-22 21:19:06,240 C receive - got query
2017-10-22 21:19:06,241 default receive - got query
2017-10-22 21:19:06,241 C receive - got query
2017-10-22 21:19:06,241 C receive - got query
2017-10-22 21:19:06,242 C receive - got query
2017-10-22 21:19:06,244 C receive - got query
2017-10-22 21:19:06,244 C receive - got query
2017-10-22 21:19:06,244 C receive - got query
2017-10-22 21:19:06,244 C receive - got query
2017-10-22 21:19:06,244 C receive - got query
2017-10-22 21:19:06,244 C receive - got query
2017-10-22 21:19:06,245 C receive - got query
2017-10-22 21:19:06,248 default receive - got query
2017-10-22 21:19:06,250 C receive - got query
2017-10-22 21:19:06,251 C receive - got query
2017-10-22 21:19:06,252 default receive - got query
2017-10-22 21:19:06,254 C receive - got query
2017-10-22 21:19:06,254 C receive - got query
2017-10-22 21:19:06,254 C receive - got query
2017-10-22 21:19:06,255 A receive - got query
2017-10-22 21:19:06,256 default receive - got query
2017-10-22 21:19:06,257 A receive - got query
2017-10-22 21:19:06,257 default receive - got query
2017-10-22 21:19:06,258 A receive - got query
2017-10-22 21:19:06,259 default receive - got query
2017-10-22 21:19:06,260 A receive - got query
2017-10-22 21:19:06,260 default receive - got query
2017-10-22 21:19:06,261 A receive - got query
2017-10-22 21:19:06,262 default receive - got query
2017-10-22 21:19:06,263 A receive - got query
2017-10-22 21:19:06,263 default receive - got query
2017-10-22 21:19:06,264 A receive - got query
2017-10-22 21:19:06,265 default receive - got query
2017-10-22 21:19:06,266 A receive - got query
2017-10-22 21:19:06,266 default receive - got query
2017-10-22 21:19:06,267 A receive - got query
2017-10-22 21:19:06,268 default receive - got query
2017-10-22 21:19:06,268 A receive - got query
2017-10-22 21:19:30,472 default receive - got query
2017-10-22 21:19:30,473 A receive - got query
2017-10-22 21:19:40,671 default receive - got query
2017-10-22 21:19:40,672 A receive - got query
2017-10-22 21:19:46,161 default receive - got query
2017-10-22 21:19:56,883 default receive - got query
2017-10-22 21:20:04,960 default receive - got query
2017-10-22 21:20:12,124 default receive - got query
2017-10-22 21:20:13,282 default receive - got query
2017-10-22 21:20:20,458 default receive - got query
2017-10-22 21:20:25,384 default receive - got query
2017-10-22 21:20:25,384 A receive - got query
2017-10-22 21:20:47,224   - Stopping server...
